5/27/2019 4:42:20 PM, Info: Initializing SIMPLSharp Services...
5/27/2019 4:42:20 PM, Info: ProjectInfo successfully initialized.
5/27/2019 4:47:14 PM, Info: Saving project information...
5/27/2019 4:47:14 PM, Info: Saving project information...
5/27/2019 4:47:14 PM, Info: Saving project information...
5/27/2019 4:52:14 PM, Info: Saving project information...
5/27/2019 4:52:14 PM, Info: Saving project information...
5/27/2019 4:52:14 PM, Info: Saving project information...
5/27/2019 4:57:14 PM, Info: Saving project information...
5/27/2019 4:57:14 PM, Info: Saving project information...
5/27/2019 4:57:14 PM, Info: Saving project information...
5/27/2019 5:02:14 PM, Info: Saving project information...
5/27/2019 5:02:14 PM, Info: Saving project information...
5/27/2019 5:02:14 PM, Info: Saving project information...
5/27/2019 5:07:14 PM, Info: Saving project information...
5/27/2019 5:07:14 PM, Info: Saving project information...
5/27/2019 5:07:14 PM, Info: Saving project information...
5/27/2019 5:12:14 PM, Info: Saving project information...
5/27/2019 5:12:14 PM, Info: Saving project information...
5/27/2019 5:12:14 PM, Info: Saving project information...
5/27/2019 5:17:14 PM, Info: Saving project information...
5/27/2019 5:17:14 PM, Info: Saving project information...
5/27/2019 5:17:14 PM, Info: Saving project information...
5/27/2019 5:22:14 PM, Info: Saving project information...
5/27/2019 5:22:14 PM, Info: Saving project information...
5/27/2019 5:22:14 PM, Info: Saving project information...
5/27/2019 5:27:14 PM, Info: Saving project information...
5/27/2019 5:27:14 PM, Info: Saving project information...
5/27/2019 5:27:14 PM, Info: Saving project information...
5/27/2019 5:32:14 PM, Info: Saving project information...
5/27/2019 5:32:14 PM, Info: Saving project information...
5/27/2019 5:32:14 PM, Info: Saving project information...
5/27/2019 5:37:14 PM, Info: Saving project information...
5/27/2019 5:37:14 PM, Info: Saving project information...
5/27/2019 5:37:14 PM, Info: Saving project information...
5/27/2019 5:40:50 PM, Info: Saving project information...
5/27/2019 5:40:50 PM, Info: Saving project information...
5/27/2019 5:40:50 PM, Info: Saving project information...
5/27/2019 5:40:50 PM, Info: Saving project information...
5/27/2019 5:40:50 PM, Info: Saving project information...
5/27/2019 5:40:50 PM, Info: Saving project information...
5/28/2019 7:32:05 AM, Info: Validating assembly C:\Users\hvolmer\Desktop\working\crestron-shades\crestron-shades\bin\Debug\crestron-shades.dll...
5/28/2019 7:32:06 AM, Info: Verifying assembly C:\Users\hvolmer\Desktop\working\crestron-shades\crestron-shades\bin\Debug\crestron-shades.dll
5/28/2019 7:32:06 AM, Info: Creating Archive C:\Users\hvolmer\Desktop\working\crestron-shades\crestron-shades\bin\Debug\crestron-shades.cplz...
5/28/2019 7:32:06 AM, Info: Saving project information...
5/28/2019 7:39:39 AM, Info: Saving project information...
5/28/2019 7:39:39 AM, Info: Saving project information...
5/28/2019 7:39:39 AM, Info: Saving project information...
5/28/2019 7:44:39 AM, Info: Saving project information...
5/28/2019 7:44:39 AM, Info: Saving project information...
5/28/2019 7:44:39 AM, Info: Saving project information...
5/28/2019 7:49:39 AM, Info: Saving project information...
5/28/2019 7:49:39 AM, Info: Saving project information...
5/28/2019 7:49:39 AM, Info: Saving project information...
5/28/2019 7:53:58 AM, Info: Saving project information...
5/28/2019 7:53:58 AM, Info: Saving project information...
5/28/2019 7:53:58 AM, Info: Saving project information...
5/28/2019 7:53:58 AM, Info: Saving project information...
5/28/2019 7:53:58 AM, Info: Saving project information...
5/28/2019 7:53:58 AM, Info: Saving project information...
5/28/2019 7:54:54 AM, Info: Saving project information...
5/28/2019 7:54:54 AM, Info: Saving project information...
5/28/2019 7:54:54 AM, Info: Saving project information...
5/28/2019 7:54:54 AM, Info: Saving project information...
5/28/2019 7:54:54 AM, Info: Saving project information...
5/28/2019 7:54:54 AM, Info: Saving project information...
5/28/2019 7:54:55 AM, Info: Validating assembly C:\Users\hvolmer\Desktop\working\crestron-shades\crestron-shades\bin\Debug\crestron-shades.dll...
5/28/2019 7:54:56 AM, Info: Verifying assembly C:\Users\hvolmer\Desktop\working\crestron-shades\crestron-shades\bin\Debug\crestron-shades.dll
5/28/2019 7:54:56 AM, Info: Creating Archive C:\Users\hvolmer\Desktop\working\crestron-shades\crestron-shades\bin\Debug\crestron-shades.cplz...
5/28/2019 7:54:56 AM, Info: Saving project information...
5/28/2019 7:56:40 AM, Info: Terminating SIMPLSharp Services
