5/16/2019 1:39:29 PM, Info: Initializing SIMPLSharp Services...
5/16/2019 1:39:29 PM, Info: ProjectInfo successfully initialized.
5/16/2019 1:39:30 PM, Info: Saving project information...
5/16/2019 1:39:30 PM, Info: Saving project information...
5/16/2019 1:39:30 PM, Info: Saving project information...
5/16/2019 1:39:30 PM, Info: Saving project information...
5/16/2019 1:39:30 PM, Info: Saving project information...
5/16/2019 1:39:30 PM, Info: Saving project information...
5/16/2019 2:16:33 PM, Info: Validating assembly C:\Users\hvolmer\Desktop\working\essentials\essentials-framework\Essentials Core\PepperDashEssentialsBase\bin\PepperDash_Essentials_Core.dll...
5/16/2019 2:18:36 PM, Info: Saving project information...
5/16/2019 2:18:36 PM, Info: Saving project information...
5/16/2019 2:18:36 PM, Info: Saving project information...
5/16/2019 2:19:58 PM, Info: Validating assembly C:\Users\hvolmer\Desktop\working\pepperdash-core\CLZ Builds\PepperDash_Core.dll...
5/16/2019 2:23:36 PM, Info: Saving project information...
5/16/2019 2:23:36 PM, Info: Saving project information...
5/16/2019 2:23:36 PM, Info: Saving project information...
5/16/2019 2:28:36 PM, Info: Saving project information...
5/16/2019 2:28:36 PM, Info: Saving project information...
5/16/2019 2:28:36 PM, Info: Saving project information...
5/16/2019 2:33:36 PM, Info: Saving project information...
5/16/2019 2:33:36 PM, Info: Saving project information...
5/16/2019 2:33:36 PM, Info: Saving project information...
5/16/2019 2:38:36 PM, Info: Saving project information...
5/16/2019 2:38:36 PM, Info: Saving project information...
5/16/2019 2:38:36 PM, Info: Saving project information...
5/16/2019 2:40:23 PM, Info: Saving project information...
5/16/2019 2:40:23 PM, Info: Saving project information...
5/16/2019 2:40:23 PM, Info: Saving project information...
5/16/2019 2:40:23 PM, Info: Saving project information...
5/16/2019 2:40:23 PM, Info: Saving project information...
5/16/2019 2:40:23 PM, Info: Saving project information...
5/16/2019 2:40:41 PM, Info: Validating assembly C:\Users\hvolmer\Desktop\working\crestron-shades\crestron-shades\bin\Debug\crestron-shades.dll...
5/16/2019 2:40:42 PM, Info: Verifying assembly C:\Users\hvolmer\Desktop\working\crestron-shades\crestron-shades\bin\Debug\crestron-shades.dll
5/16/2019 2:40:42 PM, Info: Creating Archive C:\Users\hvolmer\Desktop\working\crestron-shades\crestron-shades\bin\Debug\crestron-shades.cplz...
5/16/2019 2:40:42 PM, Info: Saving project information...
5/16/2019 3:33:13 PM, Info: Validating assembly C:\Users\hvolmer\Desktop\working\crestron-shades\crestron-shades\bin\Debug\crestron-shades.dll...
5/16/2019 3:33:13 PM, Info: Verifying assembly C:\Users\hvolmer\Desktop\working\crestron-shades\crestron-shades\bin\Debug\crestron-shades.dll
5/16/2019 3:33:13 PM, Info: Creating Archive C:\Users\hvolmer\Desktop\working\crestron-shades\crestron-shades\bin\Debug\crestron-shades.cplz...
5/16/2019 3:33:14 PM, Info: Saving project information...
5/16/2019 3:38:48 PM, Info: Validating assembly C:\Users\hvolmer\Desktop\working\crestron-shades\crestron-shades\bin\Debug\crestron-shades.dll...
5/16/2019 3:38:48 PM, Info: Verifying assembly C:\Users\hvolmer\Desktop\working\crestron-shades\crestron-shades\bin\Debug\crestron-shades.dll
5/16/2019 3:38:48 PM, Info: Creating Archive C:\Users\hvolmer\Desktop\working\crestron-shades\crestron-shades\bin\Debug\crestron-shades.cplz...
5/16/2019 3:38:48 PM, Info: Saving project information...
5/16/2019 3:39:12 PM, Info: Validating assembly C:\Users\hvolmer\Desktop\working\crestron-shades\crestron-shades\bin\Debug\crestron-shades.dll...
5/16/2019 3:39:13 PM, Info: Verifying assembly C:\Users\hvolmer\Desktop\working\crestron-shades\crestron-shades\bin\Debug\crestron-shades.dll
5/16/2019 3:39:13 PM, Info: Creating Archive C:\Users\hvolmer\Desktop\working\crestron-shades\crestron-shades\bin\Debug\crestron-shades.cplz...
5/16/2019 3:39:13 PM, Info: Saving project information...
5/16/2019 3:39:32 PM, Info: Terminating SIMPLSharp Services
