6/1/2019 8:13:27 AM, Info: Initializing SIMPLSharp Services...
6/1/2019 8:13:27 AM, Info: ProjectInfo successfully initialized.
6/1/2019 8:28:05 AM, Info: Saving project information...
6/1/2019 8:28:05 AM, Info: Saving project information...
6/1/2019 8:28:05 AM, Info: Saving project information...
6/1/2019 8:33:05 AM, Info: Saving project information...
6/1/2019 8:33:05 AM, Info: Saving project information...
6/1/2019 8:33:05 AM, Info: Saving project information...
6/1/2019 8:38:05 AM, Info: Saving project information...
6/1/2019 8:38:05 AM, Info: Saving project information...
6/1/2019 8:38:05 AM, Info: Saving project information...
6/1/2019 8:43:05 AM, Info: Saving project information...
6/1/2019 8:43:05 AM, Info: Saving project information...
6/1/2019 8:43:05 AM, Info: Saving project information...
6/1/2019 8:48:05 AM, Info: Saving project information...
6/1/2019 8:48:05 AM, Info: Saving project information...
6/1/2019 8:48:05 AM, Info: Saving project information...
6/1/2019 8:49:20 AM, Info: Saving project information...
6/1/2019 8:49:20 AM, Info: Saving project information...
6/1/2019 8:49:20 AM, Info: Saving project information...
6/1/2019 8:49:20 AM, Info: Saving project information...
6/1/2019 8:49:20 AM, Info: Saving project information...
6/1/2019 8:49:20 AM, Info: Saving project information...
6/1/2019 8:49:21 AM, Info: Validating assembly C:\Users\hvolmer\Desktop\working\crestron-shades\crestron-shades\bin\Debug\crestron-shades.dll...
6/1/2019 8:49:22 AM, Info: Verifying assembly C:\Users\hvolmer\Desktop\working\crestron-shades\crestron-shades\bin\Debug\crestron-shades.dll
6/1/2019 8:49:22 AM, Info: Creating Archive C:\Users\hvolmer\Desktop\working\crestron-shades\crestron-shades\bin\Debug\crestron-shades.cplz...
6/1/2019 8:49:22 AM, Info: Saving project information...
6/1/2019 8:49:58 AM, Info: Validating assembly C:\Users\hvolmer\Desktop\working\crestron-shades\crestron-shades\bin\Debug\crestron-shades.dll...
6/1/2019 8:49:58 AM, Info: Verifying assembly C:\Users\hvolmer\Desktop\working\crestron-shades\crestron-shades\bin\Debug\crestron-shades.dll
6/1/2019 8:49:58 AM, Info: Creating Archive C:\Users\hvolmer\Desktop\working\crestron-shades\crestron-shades\bin\Debug\crestron-shades.cplz...
6/1/2019 8:49:59 AM, Info: Saving project information...
6/1/2019 8:53:05 AM, Info: Saving project information...
6/1/2019 8:53:05 AM, Info: Saving project information...
6/1/2019 8:53:05 AM, Info: Saving project information...
6/1/2019 8:58:05 AM, Info: Saving project information...
6/1/2019 8:58:05 AM, Info: Saving project information...
6/1/2019 8:58:05 AM, Info: Saving project information...
6/1/2019 9:03:05 AM, Info: Saving project information...
6/1/2019 9:03:05 AM, Info: Saving project information...
6/1/2019 9:03:05 AM, Info: Saving project information...
6/1/2019 9:08:05 AM, Info: Saving project information...
6/1/2019 9:08:05 AM, Info: Saving project information...
6/1/2019 9:08:05 AM, Info: Saving project information...
6/1/2019 9:13:05 AM, Info: Saving project information...
6/1/2019 9:13:05 AM, Info: Saving project information...
6/1/2019 9:13:05 AM, Info: Saving project information...
6/1/2019 9:18:05 AM, Info: Saving project information...
6/1/2019 9:18:05 AM, Info: Saving project information...
6/1/2019 9:18:05 AM, Info: Saving project information...
6/1/2019 9:23:05 AM, Info: Saving project information...
6/1/2019 9:23:05 AM, Info: Saving project information...
6/1/2019 9:23:05 AM, Info: Saving project information...
6/1/2019 9:28:05 AM, Info: Saving project information...
6/1/2019 9:28:05 AM, Info: Saving project information...
6/1/2019 9:28:05 AM, Info: Saving project information...
6/1/2019 9:33:05 AM, Info: Saving project information...
6/1/2019 9:33:05 AM, Info: Saving project information...
6/1/2019 9:33:05 AM, Info: Saving project information...
6/1/2019 9:38:05 AM, Info: Saving project information...
6/1/2019 9:38:05 AM, Info: Saving project information...
6/1/2019 9:38:05 AM, Info: Saving project information...
6/1/2019 9:43:05 AM, Info: Saving project information...
6/1/2019 9:43:05 AM, Info: Saving project information...
6/1/2019 9:43:05 AM, Info: Saving project information...
6/1/2019 9:48:05 AM, Info: Saving project information...
6/1/2019 9:48:05 AM, Info: Saving project information...
6/1/2019 9:48:05 AM, Info: Saving project information...
6/1/2019 9:53:05 AM, Info: Saving project information...
6/1/2019 9:53:05 AM, Info: Saving project information...
6/1/2019 9:53:05 AM, Info: Saving project information...
6/1/2019 9:58:05 AM, Info: Saving project information...
6/1/2019 9:58:05 AM, Info: Saving project information...
6/1/2019 9:58:05 AM, Info: Saving project information...
6/1/2019 10:03:05 AM, Info: Saving project information...
6/1/2019 10:03:05 AM, Info: Saving project information...
6/1/2019 10:03:05 AM, Info: Saving project information...
6/1/2019 10:08:05 AM, Info: Saving project information...
6/1/2019 10:08:05 AM, Info: Saving project information...
6/1/2019 10:08:05 AM, Info: Saving project information...
6/1/2019 10:13:05 AM, Info: Saving project information...
6/1/2019 10:13:05 AM, Info: Saving project information...
6/1/2019 10:13:05 AM, Info: Saving project information...
6/1/2019 10:18:05 AM, Info: Saving project information...
6/1/2019 10:18:05 AM, Info: Saving project information...
6/1/2019 10:18:05 AM, Info: Saving project information...
6/1/2019 10:23:05 AM, Info: Saving project information...
6/1/2019 10:23:05 AM, Info: Saving project information...
6/1/2019 10:23:05 AM, Info: Saving project information...
6/1/2019 10:28:05 AM, Info: Saving project information...
6/1/2019 10:28:05 AM, Info: Saving project information...
6/1/2019 10:28:05 AM, Info: Saving project information...
6/1/2019 10:33:05 AM, Info: Saving project information...
6/1/2019 10:33:05 AM, Info: Saving project information...
6/1/2019 10:33:05 AM, Info: Saving project information...
6/1/2019 10:38:05 AM, Info: Saving project information...
6/1/2019 10:38:05 AM, Info: Saving project information...
6/1/2019 10:38:05 AM, Info: Saving project information...
6/1/2019 10:43:05 AM, Info: Saving project information...
6/1/2019 10:43:05 AM, Info: Saving project information...
6/1/2019 10:43:05 AM, Info: Saving project information...
6/1/2019 10:48:05 AM, Info: Saving project information...
6/1/2019 10:48:05 AM, Info: Saving project information...
6/1/2019 10:48:05 AM, Info: Saving project information...
6/1/2019 10:48:46 AM, Info: Saving project information...
6/1/2019 10:48:46 AM, Info: Saving project information...
6/1/2019 10:48:46 AM, Info: Saving project information...
6/1/2019 10:48:46 AM, Info: Saving project information...
6/1/2019 10:48:46 AM, Info: Saving project information...
6/1/2019 10:48:46 AM, Info: Saving project information...
6/1/2019 10:48:47 AM, Info: Validating assembly C:\Users\hvolmer\Desktop\working\crestron-shades\crestron-shades\bin\Debug\crestron-shades.dll...
6/1/2019 10:48:48 AM, Info: Verifying assembly C:\Users\hvolmer\Desktop\working\crestron-shades\crestron-shades\bin\Debug\crestron-shades.dll
6/1/2019 10:48:48 AM, Info: Creating Archive C:\Users\hvolmer\Desktop\working\crestron-shades\crestron-shades\bin\Debug\crestron-shades.cplz...
6/1/2019 10:48:48 AM, Info: Saving project information...
6/1/2019 11:15:49 AM, Info: Validating assembly C:\Users\hvolmer\Desktop\working\crestron-shades\crestron-shades\bin\Debug\crestron-shades.dll...
6/1/2019 11:15:50 AM, Info: Verifying assembly C:\Users\hvolmer\Desktop\working\crestron-shades\crestron-shades\bin\Debug\crestron-shades.dll
6/1/2019 11:15:50 AM, Info: Creating Archive C:\Users\hvolmer\Desktop\working\crestron-shades\crestron-shades\bin\Debug\crestron-shades.cplz...
6/1/2019 11:15:50 AM, Info: Saving project information...
6/1/2019 11:23:29 AM, Info: Validating assembly C:\Users\hvolmer\Desktop\working\crestron-shades\crestron-shades\bin\Debug\crestron-shades.dll...
6/1/2019 11:23:29 AM, Info: Verifying assembly C:\Users\hvolmer\Desktop\working\crestron-shades\crestron-shades\bin\Debug\crestron-shades.dll
6/1/2019 11:23:29 AM, Info: Creating Archive C:\Users\hvolmer\Desktop\working\crestron-shades\crestron-shades\bin\Debug\crestron-shades.cplz...
6/1/2019 11:23:29 AM, Info: Saving project information...
6/1/2019 11:55:23 AM, Info: Validating assembly C:\Users\hvolmer\Desktop\working\crestron-shades\crestron-shades\bin\Debug\crestron-shades.dll...
6/1/2019 11:55:23 AM, Info: Verifying assembly C:\Users\hvolmer\Desktop\working\crestron-shades\crestron-shades\bin\Debug\crestron-shades.dll
6/1/2019 11:55:23 AM, Info: Creating Archive C:\Users\hvolmer\Desktop\working\crestron-shades\crestron-shades\bin\Debug\crestron-shades.cplz...
6/1/2019 11:55:24 AM, Info: Saving project information...
6/2/2019 11:01:35 AM, Info: Validating assembly C:\Users\hvolmer\Desktop\working\crestron-shades\crestron-shades\bin\Debug\crestron-shades.dll...
6/2/2019 11:01:35 AM, Info: Verifying assembly C:\Users\hvolmer\Desktop\working\crestron-shades\crestron-shades\bin\Debug\crestron-shades.dll
6/2/2019 11:01:35 AM, Info: Creating Archive C:\Users\hvolmer\Desktop\working\crestron-shades\crestron-shades\bin\Debug\crestron-shades.cplz...
6/2/2019 11:01:36 AM, Info: Saving project information...
6/3/2019 9:31:36 AM, Info: Terminating SIMPLSharp Services
