5/16/2019 3:39:39 PM, Info: Initializing SIMPLSharp Services...
5/16/2019 3:39:39 PM, Info: ProjectInfo successfully initialized.
5/16/2019 3:39:45 PM, Info: Validating assembly C:\Users\hvolmer\Desktop\working\crestron-shades\crestron-shades\bin\Debug\crestron-shades.dll...
5/16/2019 3:39:46 PM, Info: Verifying assembly C:\Users\hvolmer\Desktop\working\crestron-shades\crestron-shades\bin\Debug\crestron-shades.dll
5/16/2019 3:39:46 PM, Info: Creating Archive C:\Users\hvolmer\Desktop\working\crestron-shades\crestron-shades\bin\Debug\crestron-shades.cplz...
5/16/2019 3:39:46 PM, Info: Saving project information...
5/16/2019 3:40:07 PM, Info: Validating assembly C:\Users\hvolmer\Desktop\working\crestron-shades\crestron-shades\bin\Debug\crestron-shades.dll...
5/16/2019 3:40:07 PM, Info: Verifying assembly C:\Users\hvolmer\Desktop\working\crestron-shades\crestron-shades\bin\Debug\crestron-shades.dll
5/16/2019 3:40:07 PM, Info: Creating Archive C:\Users\hvolmer\Desktop\working\crestron-shades\crestron-shades\bin\Debug\crestron-shades.cplz...
5/16/2019 3:40:08 PM, Info: Saving project information...
5/16/2019 3:40:37 PM, Info: Validating assembly C:\Users\hvolmer\Desktop\working\crestron-shades\crestron-shades\bin\Debug\crestron-shades.dll...
5/16/2019 3:40:37 PM, Info: Verifying assembly C:\Users\hvolmer\Desktop\working\crestron-shades\crestron-shades\bin\Debug\crestron-shades.dll
5/16/2019 3:40:37 PM, Info: Creating Archive C:\Users\hvolmer\Desktop\working\crestron-shades\crestron-shades\bin\Debug\crestron-shades.cplz...
5/16/2019 3:40:37 PM, Info: Saving project information...
5/16/2019 3:58:24 PM, Info: Saving project information...
5/16/2019 3:58:24 PM, Info: Saving project information...
5/16/2019 3:58:24 PM, Info: Saving project information...
5/16/2019 3:58:24 PM, Info: Saving project information...
5/16/2019 3:58:24 PM, Info: Saving project information...
5/16/2019 3:58:24 PM, Info: Saving project information...
5/16/2019 3:58:32 PM, Info: Validating assembly C:\Users\hvolmer\Desktop\working\crestron-shades\crestron-shades\bin\Debug\crestron-shades.dll...
5/16/2019 3:58:32 PM, Info: Verifying assembly C:\Users\hvolmer\Desktop\working\crestron-shades\crestron-shades\bin\Debug\crestron-shades.dll
5/16/2019 3:58:32 PM, Info: Creating Archive C:\Users\hvolmer\Desktop\working\crestron-shades\crestron-shades\bin\Debug\crestron-shades.cplz...
5/16/2019 3:58:33 PM, Info: Saving project information...
5/16/2019 3:59:59 PM, Info: Validating assembly C:\Users\hvolmer\Desktop\working\crestron-shades\crestron-shades\bin\Debug\crestron-shades.dll...
5/16/2019 3:59:59 PM, Info: Verifying assembly C:\Users\hvolmer\Desktop\working\crestron-shades\crestron-shades\bin\Debug\crestron-shades.dll
5/16/2019 4:00:00 PM, Info: Creating Archive C:\Users\hvolmer\Desktop\working\crestron-shades\crestron-shades\bin\Debug\crestron-shades.cplz...
5/16/2019 4:00:00 PM, Info: Saving project information...
5/16/2019 4:04:16 PM, Info: Validating assembly C:\Users\hvolmer\Desktop\working\crestron-shades\crestron-shades\bin\Debug\crestron-shades.dll...
5/16/2019 4:04:16 PM, Info: Verifying assembly C:\Users\hvolmer\Desktop\working\crestron-shades\crestron-shades\bin\Debug\crestron-shades.dll
5/16/2019 4:04:16 PM, Info: Creating Archive C:\Users\hvolmer\Desktop\working\crestron-shades\crestron-shades\bin\Debug\crestron-shades.cplz...
5/16/2019 4:04:17 PM, Info: Saving project information...
5/16/2019 5:08:36 PM, Info: Validating assembly C:\Users\hvolmer\Desktop\working\crestron-shades\crestron-shades\bin\Debug\crestron-shades.dll...
5/16/2019 5:08:36 PM, Info: Verifying assembly C:\Users\hvolmer\Desktop\working\crestron-shades\crestron-shades\bin\Debug\crestron-shades.dll
5/16/2019 5:08:36 PM, Info: Creating Archive C:\Users\hvolmer\Desktop\working\crestron-shades\crestron-shades\bin\Debug\crestron-shades.cplz...
5/16/2019 5:08:36 PM, Info: Saving project information...
5/16/2019 5:37:47 PM, Info: Validating assembly C:\Users\hvolmer\Desktop\working\crestron-shades\crestron-shades\bin\Debug\crestron-shades.dll...
5/16/2019 5:37:47 PM, Info: Verifying assembly C:\Users\hvolmer\Desktop\working\crestron-shades\crestron-shades\bin\Debug\crestron-shades.dll
5/16/2019 5:37:47 PM, Info: Creating Archive C:\Users\hvolmer\Desktop\working\crestron-shades\crestron-shades\bin\Debug\crestron-shades.cplz...
5/16/2019 5:37:48 PM, Info: Saving project information...
5/17/2019 7:33:15 AM, Info: Validating assembly C:\Users\hvolmer\Desktop\working\crestron-shades\crestron-shades\bin\Debug\crestron-shades.dll...
5/17/2019 7:33:15 AM, Info: Verifying assembly C:\Users\hvolmer\Desktop\working\crestron-shades\crestron-shades\bin\Debug\crestron-shades.dll
5/17/2019 7:33:15 AM, Info: Creating Archive C:\Users\hvolmer\Desktop\working\crestron-shades\crestron-shades\bin\Debug\crestron-shades.cplz...
5/17/2019 7:33:16 AM, Info: Saving project information...
5/17/2019 8:34:53 AM, Info: Validating assembly C:\Users\hvolmer\Desktop\working\crestron-shades\crestron-shades\bin\Debug\crestron-shades.dll...
5/17/2019 8:34:53 AM, Info: Verifying assembly C:\Users\hvolmer\Desktop\working\crestron-shades\crestron-shades\bin\Debug\crestron-shades.dll
5/17/2019 8:34:53 AM, Info: Creating Archive C:\Users\hvolmer\Desktop\working\crestron-shades\crestron-shades\bin\Debug\crestron-shades.cplz...
5/17/2019 8:34:54 AM, Info: Saving project information...
5/17/2019 9:05:07 AM, Info: Validating assembly C:\Users\hvolmer\Desktop\working\crestron-shades\crestron-shades\bin\Debug\crestron-shades.dll...
5/17/2019 9:05:07 AM, Info: Verifying assembly C:\Users\hvolmer\Desktop\working\crestron-shades\crestron-shades\bin\Debug\crestron-shades.dll
5/17/2019 9:05:07 AM, Info: Creating Archive C:\Users\hvolmer\Desktop\working\crestron-shades\crestron-shades\bin\Debug\crestron-shades.cplz...
5/17/2019 9:05:08 AM, Info: Saving project information...
5/17/2019 9:05:54 AM, Info: Saving project information...
5/17/2019 9:05:54 AM, Info: Saving project information...
5/17/2019 9:05:54 AM, Info: Saving project information...
5/17/2019 9:05:54 AM, Info: Saving project information...
5/17/2019 9:05:54 AM, Info: Saving project information...
5/17/2019 9:05:54 AM, Info: Saving project information...
5/17/2019 9:06:38 AM, Info: Validating assembly C:\Users\hvolmer\Desktop\working\pepperdash-core\CLZ Builds\PepperDash_Core.dll...
5/17/2019 9:06:41 AM, Info: Saving project information...
5/17/2019 9:06:41 AM, Info: Saving project information...
5/17/2019 9:06:41 AM, Info: Saving project information...
5/17/2019 9:06:41 AM, Info: Saving project information...
5/17/2019 9:06:41 AM, Info: Saving project information...
5/17/2019 9:06:41 AM, Info: Saving project information...
5/17/2019 9:06:42 AM, Info: Validating assembly C:\Users\hvolmer\Desktop\working\crestron-shades\crestron-shades\bin\Debug\crestron-shades.dll...
5/17/2019 9:06:43 AM, Info: Verifying assembly C:\Users\hvolmer\Desktop\working\crestron-shades\crestron-shades\bin\Debug\crestron-shades.dll
5/17/2019 9:06:43 AM, Info: Creating Archive C:\Users\hvolmer\Desktop\working\crestron-shades\crestron-shades\bin\Debug\crestron-shades.cplz...
5/17/2019 9:06:43 AM, Info: Saving project information...
5/17/2019 9:14:54 AM, Info: Terminating SIMPLSharp Services
