5/21/2019 10:04:21 AM, Info: Initializing SIMPLSharp Services...
5/21/2019 10:04:22 AM, Info: ProjectInfo successfully initialized.
5/21/2019 10:44:18 AM, Info: Saving project information...
5/21/2019 10:44:18 AM, Info: Saving project information...
5/21/2019 10:44:18 AM, Info: Saving project information...
5/21/2019 10:45:30 AM, Info: Saving project information...
5/21/2019 10:45:30 AM, Info: Saving project information...
5/21/2019 10:45:31 AM, Info: Saving project information...
5/21/2019 10:45:31 AM, Info: Saving project information...
5/21/2019 10:45:31 AM, Info: Saving project information...
5/21/2019 10:45:31 AM, Info: Saving project information...
5/21/2019 10:45:33 AM, Info: Validating assembly C:\Users\hvolmer\Desktop\working\crestron-shades\crestron-shades\bin\Debug\crestron-shades.dll...
5/21/2019 10:45:33 AM, Info: Verifying assembly C:\Users\hvolmer\Desktop\working\crestron-shades\crestron-shades\bin\Debug\crestron-shades.dll
5/21/2019 10:45:33 AM, Info: Creating Archive C:\Users\hvolmer\Desktop\working\crestron-shades\crestron-shades\bin\Debug\crestron-shades.cplz...
5/21/2019 10:45:34 AM, Info: Saving project information...
5/21/2019 11:23:48 AM, Info: Validating assembly C:\Users\hvolmer\Desktop\working\crestron-shades\crestron-shades\bin\Debug\crestron-shades.dll...
5/21/2019 11:23:48 AM, Info: Verifying assembly C:\Users\hvolmer\Desktop\working\crestron-shades\crestron-shades\bin\Debug\crestron-shades.dll
5/21/2019 11:23:49 AM, Info: Creating Archive C:\Users\hvolmer\Desktop\working\crestron-shades\crestron-shades\bin\Debug\crestron-shades.cplz...
5/21/2019 11:23:49 AM, Info: Saving project information...
5/21/2019 11:32:55 AM, Info: Validating assembly C:\Users\hvolmer\Desktop\working\crestron-shades\crestron-shades\bin\Debug\crestron-shades.dll...
5/21/2019 11:32:56 AM, Info: Verifying assembly C:\Users\hvolmer\Desktop\working\crestron-shades\crestron-shades\bin\Debug\crestron-shades.dll
5/21/2019 11:32:56 AM, Info: Creating Archive C:\Users\hvolmer\Desktop\working\crestron-shades\crestron-shades\bin\Debug\crestron-shades.cplz...
5/21/2019 11:32:56 AM, Info: Saving project information...
5/21/2019 11:58:53 AM, Info: Validating assembly C:\Users\hvolmer\Desktop\working\crestron-shades\crestron-shades\bin\Debug\crestron-shades.dll...
5/21/2019 11:58:54 AM, Info: Verifying assembly C:\Users\hvolmer\Desktop\working\crestron-shades\crestron-shades\bin\Debug\crestron-shades.dll
5/21/2019 11:58:54 AM, Info: Creating Archive C:\Users\hvolmer\Desktop\working\crestron-shades\crestron-shades\bin\Debug\crestron-shades.cplz...
5/21/2019 11:58:54 AM, Info: Saving project information...
5/21/2019 12:01:25 PM, Info: Validating assembly C:\Users\hvolmer\Desktop\working\crestron-shades\crestron-shades\bin\Debug\crestron-shades.dll...
5/21/2019 12:01:25 PM, Info: Verifying assembly C:\Users\hvolmer\Desktop\working\crestron-shades\crestron-shades\bin\Debug\crestron-shades.dll
5/21/2019 12:01:25 PM, Info: Creating Archive C:\Users\hvolmer\Desktop\working\crestron-shades\crestron-shades\bin\Debug\crestron-shades.cplz...
5/21/2019 12:01:26 PM, Info: Saving project information...
5/21/2019 12:01:29 PM, Info: Validating assembly C:\Users\hvolmer\Desktop\working\crestron-shades\crestron-shades\bin\Debug\crestron-shades.dll...
5/21/2019 12:01:30 PM, Info: Verifying assembly C:\Users\hvolmer\Desktop\working\crestron-shades\crestron-shades\bin\Debug\crestron-shades.dll
5/21/2019 12:01:30 PM, Info: Creating Archive C:\Users\hvolmer\Desktop\working\crestron-shades\crestron-shades\bin\Debug\crestron-shades.cplz...
5/21/2019 12:01:30 PM, Info: Saving project information...
5/21/2019 12:08:40 PM, Info: Validating assembly C:\Users\hvolmer\Desktop\working\crestron-shades\crestron-shades\bin\Debug\crestron-shades.dll...
5/21/2019 12:08:40 PM, Info: Verifying assembly C:\Users\hvolmer\Desktop\working\crestron-shades\crestron-shades\bin\Debug\crestron-shades.dll
5/21/2019 12:08:40 PM, Info: Creating Archive C:\Users\hvolmer\Desktop\working\crestron-shades\crestron-shades\bin\Debug\crestron-shades.cplz...
5/21/2019 12:08:41 PM, Info: Saving project information...
5/21/2019 12:20:55 PM, Info: Validating assembly C:\Users\hvolmer\Desktop\working\crestron-shades\crestron-shades\bin\Debug\crestron-shades.dll...
5/21/2019 12:20:56 PM, Info: Verifying assembly C:\Users\hvolmer\Desktop\working\crestron-shades\crestron-shades\bin\Debug\crestron-shades.dll
5/21/2019 12:20:56 PM, Info: Creating Archive C:\Users\hvolmer\Desktop\working\crestron-shades\crestron-shades\bin\Debug\crestron-shades.cplz...
5/21/2019 12:20:56 PM, Info: Saving project information...
5/21/2019 12:21:49 PM, Info: Validating assembly C:\Users\hvolmer\Desktop\working\crestron-shades\crestron-shades\bin\Debug\crestron-shades.dll...
5/21/2019 12:21:50 PM, Info: Verifying assembly C:\Users\hvolmer\Desktop\working\crestron-shades\crestron-shades\bin\Debug\crestron-shades.dll
5/21/2019 12:21:50 PM, Info: Creating Archive C:\Users\hvolmer\Desktop\working\crestron-shades\crestron-shades\bin\Debug\crestron-shades.cplz...
5/21/2019 12:21:50 PM, Info: Saving project information...
5/21/2019 12:30:12 PM, Info: Validating assembly C:\Users\hvolmer\Desktop\working\crestron-shades\crestron-shades\bin\Debug\crestron-shades.dll...
5/21/2019 12:30:12 PM, Info: Verifying assembly C:\Users\hvolmer\Desktop\working\crestron-shades\crestron-shades\bin\Debug\crestron-shades.dll
5/21/2019 12:30:12 PM, Info: Creating Archive C:\Users\hvolmer\Desktop\working\crestron-shades\crestron-shades\bin\Debug\crestron-shades.cplz...
5/21/2019 12:30:13 PM, Info: Saving project information...
5/21/2019 12:33:53 PM, Info: Validating assembly C:\Users\hvolmer\Desktop\working\crestron-shades\crestron-shades\bin\Debug\crestron-shades.dll...
5/21/2019 12:33:53 PM, Info: Verifying assembly C:\Users\hvolmer\Desktop\working\crestron-shades\crestron-shades\bin\Debug\crestron-shades.dll
5/21/2019 12:33:53 PM, Info: Creating Archive C:\Users\hvolmer\Desktop\working\crestron-shades\crestron-shades\bin\Debug\crestron-shades.cplz...
5/21/2019 12:33:54 PM, Info: Saving project information...
5/21/2019 1:49:01 PM, Info: Terminating SIMPLSharp Services
