6/9/2019 9:13:13 AM, Info: Initializing SIMPLSharp Services...
6/9/2019 9:13:13 AM, Info: ProjectInfo successfully initialized.
6/9/2019 9:27:56 AM, Info: Validating assembly C:\Users\hvolmer\Desktop\working\crestron-shades\crestron-shades\bin\Debug\crestron-shades.dll...
6/9/2019 9:27:57 AM, Info: Verifying assembly C:\Users\hvolmer\Desktop\working\crestron-shades\crestron-shades\bin\Debug\crestron-shades.dll
6/9/2019 9:27:57 AM, Info: Creating Archive C:\Users\hvolmer\Desktop\working\crestron-shades\crestron-shades\bin\Debug\crestron-shades.cplz...
6/9/2019 9:27:57 AM, Info: Saving project information...
6/9/2019 9:28:04 AM, Info: Validating assembly C:\Users\hvolmer\Desktop\working\crestron-shades\crestron-shades\bin\Debug\crestron-shades.dll...
6/9/2019 9:28:04 AM, Info: Verifying assembly C:\Users\hvolmer\Desktop\working\crestron-shades\crestron-shades\bin\Debug\crestron-shades.dll
6/9/2019 9:28:04 AM, Info: Creating Archive C:\Users\hvolmer\Desktop\working\crestron-shades\crestron-shades\bin\Debug\crestron-shades.cplz...
6/9/2019 9:28:04 AM, Info: Saving project information...
6/9/2019 9:47:56 AM, Info: Saving project information...
6/9/2019 9:47:56 AM, Info: Saving project information...
6/9/2019 9:47:56 AM, Info: Saving project information...
6/9/2019 9:49:51 AM, Info: Saving project information...
6/9/2019 9:49:51 AM, Info: Saving project information...
6/9/2019 9:49:51 AM, Info: Saving project information...
6/9/2019 9:49:52 AM, Info: Saving project information...
6/9/2019 9:49:52 AM, Info: Saving project information...
6/9/2019 9:49:52 AM, Info: Saving project information...
6/9/2019 9:49:53 AM, Info: Validating assembly C:\Users\hvolmer\Desktop\working\crestron-shades\crestron-shades\bin\Debug\crestron-shades.dll...
6/9/2019 9:49:53 AM, Info: Verifying assembly C:\Users\hvolmer\Desktop\working\crestron-shades\crestron-shades\bin\Debug\crestron-shades.dll
6/9/2019 9:49:53 AM, Info: Creating Archive C:\Users\hvolmer\Desktop\working\crestron-shades\crestron-shades\bin\Debug\crestron-shades.cplz...
6/9/2019 9:49:53 AM, Info: Saving project information...
6/9/2019 9:52:16 AM, Info: Validating assembly C:\Users\hvolmer\Desktop\working\crestron-shades\crestron-shades\bin\Debug\crestron-shades.dll...
6/9/2019 9:52:16 AM, Info: Verifying assembly C:\Users\hvolmer\Desktop\working\crestron-shades\crestron-shades\bin\Debug\crestron-shades.dll
6/9/2019 9:52:16 AM, Info: Creating Archive C:\Users\hvolmer\Desktop\working\crestron-shades\crestron-shades\bin\Debug\crestron-shades.cplz...
6/9/2019 9:52:16 AM, Info: Saving project information...
6/9/2019 9:55:54 AM, Info: Validating assembly C:\Users\hvolmer\Desktop\working\crestron-shades\crestron-shades\bin\Debug\crestron-shades.dll...
6/9/2019 9:55:55 AM, Info: Verifying assembly C:\Users\hvolmer\Desktop\working\crestron-shades\crestron-shades\bin\Debug\crestron-shades.dll
6/9/2019 9:55:55 AM, Info: Creating Archive C:\Users\hvolmer\Desktop\working\crestron-shades\crestron-shades\bin\Debug\crestron-shades.cplz...
6/9/2019 9:55:55 AM, Info: Saving project information...
6/9/2019 11:47:41 AM, Info: Validating assembly C:\Users\hvolmer\Desktop\working\crestron-shades\crestron-shades\bin\Debug\crestron-shades.dll...
6/9/2019 11:47:41 AM, Info: Verifying assembly C:\Users\hvolmer\Desktop\working\crestron-shades\crestron-shades\bin\Debug\crestron-shades.dll
6/9/2019 11:47:41 AM, Info: Creating Archive C:\Users\hvolmer\Desktop\working\crestron-shades\crestron-shades\bin\Debug\crestron-shades.cplz...
6/9/2019 11:47:42 AM, Info: Saving project information...
6/9/2019 11:57:57 AM, Info: Validating assembly C:\Users\hvolmer\Desktop\working\crestron-shades\crestron-shades\bin\Debug\crestron-shades.dll...
6/9/2019 11:57:57 AM, Info: Verifying assembly C:\Users\hvolmer\Desktop\working\crestron-shades\crestron-shades\bin\Debug\crestron-shades.dll
6/9/2019 11:57:57 AM, Info: Creating Archive C:\Users\hvolmer\Desktop\working\crestron-shades\crestron-shades\bin\Debug\crestron-shades.cplz...
6/9/2019 11:57:58 AM, Info: Saving project information...
6/9/2019 12:00:10 PM, Info: Validating assembly C:\Users\hvolmer\Desktop\working\crestron-shades\crestron-shades\bin\Debug\crestron-shades.dll...
6/9/2019 12:00:11 PM, Info: Verifying assembly C:\Users\hvolmer\Desktop\working\crestron-shades\crestron-shades\bin\Debug\crestron-shades.dll
6/9/2019 12:00:11 PM, Info: Creating Archive C:\Users\hvolmer\Desktop\working\crestron-shades\crestron-shades\bin\Debug\crestron-shades.cplz...
6/9/2019 12:00:11 PM, Info: Saving project information...
6/9/2019 12:13:24 PM, Info: Validating assembly C:\Users\hvolmer\Desktop\working\crestron-shades\crestron-shades\bin\Debug\crestron-shades.dll...
6/9/2019 12:13:24 PM, Info: Verifying assembly C:\Users\hvolmer\Desktop\working\crestron-shades\crestron-shades\bin\Debug\crestron-shades.dll
6/9/2019 12:13:24 PM, Info: Creating Archive C:\Users\hvolmer\Desktop\working\crestron-shades\crestron-shades\bin\Debug\crestron-shades.cplz...
6/9/2019 12:13:25 PM, Info: Saving project information...
6/9/2019 12:46:58 PM, Info: Validating assembly C:\Users\hvolmer\Desktop\working\crestron-shades\crestron-shades\bin\Debug\crestron-shades.dll...
6/9/2019 12:46:59 PM, Info: Verifying assembly C:\Users\hvolmer\Desktop\working\crestron-shades\crestron-shades\bin\Debug\crestron-shades.dll
6/9/2019 12:46:59 PM, Info: Creating Archive C:\Users\hvolmer\Desktop\working\crestron-shades\crestron-shades\bin\Debug\crestron-shades.cplz...
6/9/2019 12:46:59 PM, Info: Saving project information...
6/9/2019 12:51:49 PM, Info: Validating assembly C:\Users\hvolmer\Desktop\working\crestron-shades\crestron-shades\bin\Debug\crestron-shades.dll...
6/9/2019 12:51:49 PM, Info: Verifying assembly C:\Users\hvolmer\Desktop\working\crestron-shades\crestron-shades\bin\Debug\crestron-shades.dll
6/9/2019 12:51:49 PM, Info: Creating Archive C:\Users\hvolmer\Desktop\working\crestron-shades\crestron-shades\bin\Debug\crestron-shades.cplz...
6/9/2019 12:51:50 PM, Info: Saving project information...
6/9/2019 12:57:14 PM, Info: Validating assembly C:\Users\hvolmer\Desktop\working\crestron-shades\crestron-shades\bin\Debug\crestron-shades.dll...
6/9/2019 12:57:14 PM, Info: Verifying assembly C:\Users\hvolmer\Desktop\working\crestron-shades\crestron-shades\bin\Debug\crestron-shades.dll
6/9/2019 12:57:14 PM, Info: Creating Archive C:\Users\hvolmer\Desktop\working\crestron-shades\crestron-shades\bin\Debug\crestron-shades.cplz...
6/9/2019 12:57:15 PM, Info: Saving project information...
6/9/2019 1:01:59 PM, Info: Validating assembly C:\Users\hvolmer\Desktop\working\crestron-shades\crestron-shades\bin\Debug\crestron-shades.dll...
6/9/2019 1:01:59 PM, Info: Verifying assembly C:\Users\hvolmer\Desktop\working\crestron-shades\crestron-shades\bin\Debug\crestron-shades.dll
6/9/2019 1:01:59 PM, Info: Creating Archive C:\Users\hvolmer\Desktop\working\crestron-shades\crestron-shades\bin\Debug\crestron-shades.cplz...
6/9/2019 1:02:00 PM, Info: Saving project information...
6/9/2019 1:06:37 PM, Info: Validating assembly C:\Users\hvolmer\Desktop\working\crestron-shades\crestron-shades\bin\Debug\crestron-shades.dll...
6/9/2019 1:06:38 PM, Info: Verifying assembly C:\Users\hvolmer\Desktop\working\crestron-shades\crestron-shades\bin\Debug\crestron-shades.dll
6/9/2019 1:06:38 PM, Info: Creating Archive C:\Users\hvolmer\Desktop\working\crestron-shades\crestron-shades\bin\Debug\crestron-shades.cplz...
6/9/2019 1:06:38 PM, Info: Saving project information...
6/9/2019 1:13:46 PM, Info: Validating assembly C:\Users\hvolmer\Desktop\working\crestron-shades\crestron-shades\bin\Debug\crestron-shades.dll...
6/9/2019 1:13:46 PM, Info: Verifying assembly C:\Users\hvolmer\Desktop\working\crestron-shades\crestron-shades\bin\Debug\crestron-shades.dll
6/9/2019 1:13:46 PM, Info: Creating Archive C:\Users\hvolmer\Desktop\working\crestron-shades\crestron-shades\bin\Debug\crestron-shades.cplz...
6/9/2019 1:13:47 PM, Info: Saving project information...
6/9/2019 1:14:05 PM, Info: Validating assembly C:\Users\hvolmer\Desktop\working\crestron-shades\crestron-shades\bin\Debug\crestron-shades.dll...
6/9/2019 1:14:06 PM, Info: Verifying assembly C:\Users\hvolmer\Desktop\working\crestron-shades\crestron-shades\bin\Debug\crestron-shades.dll
6/9/2019 1:14:06 PM, Info: Creating Archive C:\Users\hvolmer\Desktop\working\crestron-shades\crestron-shades\bin\Debug\crestron-shades.cplz...
6/9/2019 1:14:06 PM, Info: Saving project information...
6/9/2019 1:19:45 PM, Info: Validating assembly C:\Users\hvolmer\Desktop\working\crestron-shades\crestron-shades\bin\Debug\crestron-shades.dll...
6/9/2019 1:19:46 PM, Info: Verifying assembly C:\Users\hvolmer\Desktop\working\crestron-shades\crestron-shades\bin\Debug\crestron-shades.dll
6/9/2019 1:19:46 PM, Info: Creating Archive C:\Users\hvolmer\Desktop\working\crestron-shades\crestron-shades\bin\Debug\crestron-shades.cplz...
6/9/2019 1:19:46 PM, Info: Saving project information...
6/9/2019 1:23:47 PM, Info: Terminating SIMPLSharp Services
